[debug] [2022-07-07T18:06:41.652Z] ----------------------------------------------------------------------
[debug] [2022-07-07T18:06:41.653Z] Command:       /home/carlosg/.nvm/versions/node/v16.15.0/bin/node /home/carlosg/.nvm/versions/node/v16.15.0/bin/firebase init
[debug] [2022-07-07T18:06:41.654Z] CLI Version:   11.2.0
[debug] [2022-07-07T18:06:41.654Z] Platform:      linux
[debug] [2022-07-07T18:06:41.654Z] Node Version:  v16.15.0
[debug] [2022-07-07T18:06:41.654Z] Time:          Thu Jul 07 2022 13:06:41 GMT-0500 (Colombia Standard Time)
[debug] [2022-07-07T18:06:41.655Z] ----------------------------------------------------------------------
[debug] 
[debug] [2022-07-07T18:06:41.659Z] > command requires scopes: ["email","openid","https://www.googleapis.com/auth/cloudplatformprojects.readonly","https://www.googleapis.com/auth/firebase","https://www.googleapis.com/auth/cloud-platform"]
[debug] [2022-07-07T18:06:41.660Z] > authorizing via signed-in user (cgrisales0561@gmail.com)
[info] 
     ######## #### ########  ######## ########     ###     ######  ########
     ##        ##  ##     ## ##       ##     ##  ##   ##  ##       ##
     ######    ##  ########  ######   ########  #########  ######  ######
     ##        ##  ##    ##  ##       ##     ## ##     ##       ## ##
     ##       #### ##     ## ######## ########  ##     ##  ######  ########

You're about to initialize a Firebase project in this directory:

  /home/carlosg/Documents/chessGameVue/chess-game

[info] 
=== Project Setup
[info] 
[info] First, let's associate this project directory with a Firebase project.
[info] You can create multiple project aliases by running firebase use --add, 
[info] but for now we'll just set up a default project.
[info] 
[debug] [2022-07-07T18:07:33.676Z] >>> [apiv2][query] GET https://firebase.googleapis.com/v1beta1/projects pageSize=100
[debug] [2022-07-07T18:07:34.527Z] <<< [apiv2][status] GET https://firebase.googleapis.com/v1beta1/projects 200
[debug] [2022-07-07T18:07:34.528Z] <<< [apiv2][body] GET https://firebase.googleapis.com/v1beta1/projects [omitted]
[info] i  Using project chess-game-vue (chess-game-vue) 
[info] 
=== Hosting Setup
[info] 
[info] Your public directory is the folder (relative to your project directory) that
[info] will contain Hosting assets to be uploaded with firebase deploy. If you
[info] have a build process for your assets, use your build's output directory.
[info] 
[debug] [2022-07-07T18:08:54.083Z] >>> [apiv2][query] GET https://www.gstatic.com/firebasejs/releases.json [none]
[debug] [2022-07-07T18:08:54.583Z] <<< [apiv2][status] GET https://www.gstatic.com/firebasejs/releases.json 200
[debug] [2022-07-07T18:08:54.584Z] <<< [apiv2][body] GET https://www.gstatic.com/firebasejs/releases.json {"current":{"version":"9.8.4","browserURL":"https://www.gstatic.com/firebasejs/9.8.4/firebase.js","packageURL":"https://www.gstatic.com/firebasejs/9.8.4/firebase.tgz"},"live":{"version":"9.8","browserURL":"https://www.gstatic.com/firebasejs/live/9.8/firebase.js","packageURL":"https://www.gstatic.com/firebasejs/live/9.8/firebase.tgz"},"components":{"analytics":"https://www.gstatic.com/firebasejs/9.8.4/firebase-analytics.js","app":"https://www.gstatic.com/firebasejs/9.8.4/firebase-app.js","app-check":"https://www.gstatic.com/firebasejs/9.8.4/firebase-app-check.js","auth":"https://www.gstatic.com/firebasejs/9.8.4/firebase-auth.js","auth/cordova":"https://www.gstatic.com/firebasejs/9.8.4/firebase-auth/cordova.js","auth/react-native":"https://www.gstatic.com/firebasejs/9.8.4/firebase-auth/react-native.js","functions":"https://www.gstatic.com/firebasejs/9.8.4/firebase-functions.js","firestore":"https://www.gstatic.com/firebasejs/9.8.4/firebase-firestore.js","firestore/lite":"https://www.gstatic.com/firebasejs/9.8.4/firebase-firestore/lite.js","storage":"https://www.gstatic.com/firebasejs/9.8.4/firebase-storage.js","performance":"https://www.gstatic.com/firebasejs/9.8.4/firebase-performance.js","remote-config":"https://www.gstatic.com/firebasejs/9.8.4/firebase-remote-config.js","messaging":"https://www.gstatic.com/firebasejs/9.8.4/firebase-messaging.js","messaging/sw":"https://www.gstatic.com/firebasejs/9.8.4/firebase-messaging/sw.js","database":"https://www.gstatic.com/firebasejs/9.8.4/firebase-database.js","firestore.memory":"https://www.gstatic.com/firebasejs/9.8.4/firebase-firestore.memory.js"}}
[info] i  Skipping write of dist/index.html 
[info] 
[info] i  Detected a .git folder at /home/carlosg/Documents/chessGameVue/chess-game 
[info] i  Authorizing with GitHub to upload your service account to a GitHub repository's secrets store. 
[info] 
[info] Visit this URL on this device to log in:
[info] https://github.com/login/oauth/authorize?client_id=89cf50f02ac6aaed3484&state=17202442&redirect_uri=http%3A%2F%2Flocalhost%3A9005&scope=read%3Auser%20repo%20public_repo
[info] 
[info] Waiting for authentication...
[debug] [2022-07-07T18:09:20.889Z] >>> [apiv2][query] POST https://github.com/login/oauth/access_token [none]
[debug] [2022-07-07T18:09:20.890Z] >>> [apiv2][body] POST https://github.com/login/oauth/access_token [stream]
[debug] [2022-07-07T18:09:21.615Z] <<< [apiv2][status] POST https://github.com/login/oauth/access_token 200
[debug] [2022-07-07T18:09:21.615Z] <<< [apiv2][body] POST https://github.com/login/oauth/access_token {"access_token":"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","token_type":"bearer","scope":"read:user,repo"}
[debug] [2022-07-07T18:09:21.635Z] >>> [apiv2][query] GET https://api.github.com/user [none]
[debug] [2022-07-07T18:09:22.225Z] <<< [apiv2][status] GET https://api.github.com/user 200
[debug] [2022-07-07T18:09:22.226Z] <<< [apiv2][body] GET https://api.github.com/user {"login":"carlos0320","id":41649792,"node_id":"MDQ6VXNlcjQxNjQ5Nzky","avatar_url":"https://avatars.githubusercontent.com/u/41649792?v=4","gravatar_id":"","url":"https://api.github.com/users/carlos0320","html_url":"https://github.com/carlos0320","followers_url":"https://api.github.com/users/carlos0320/followers","following_url":"https://api.github.com/users/carlos0320/following{/other_user}","gists_url":"https://api.github.com/users/carlos0320/gists{/gist_id}","starred_url":"https://api.github.com/users/carlos0320/starred{/owner}{/repo}","subscriptions_url":"https://api.github.com/users/carlos0320/subscriptions","organizations_url":"https://api.github.com/users/carlos0320/orgs","repos_url":"https://api.github.com/users/carlos0320/repos","events_url":"https://api.github.com/users/carlos0320/events{/privacy}","received_events_url":"https://api.github.com/users/carlos0320/received_events","type":"User","site_admin":false,"name":"Carlos Grisales","company":"Universidad EIA","blog":"","location":null,"email":null,"hireable":null,"bio":null,"twitter_username":null,"public_repos":58,"public_gists":0,"followers":1,"following":4,"created_at":"2018-07-24T19:57:52Z","updated_at":"2022-06-17T20:17:34Z","private_gists":0,"total_private_repos":0,"owned_private_repos":0,"disk_usage":52937,"collaborators":0,"two_factor_authentication":false,"plan":{"name":"free","space":976562499,"collaborators":0,"private_repos":10000}}
[info] 
[info] ✔  Success! Logged into GitHub as carlos0320 
[info] 
